[20-03-2025 17:02:40]-[sqlx::query:143]:⚙ DEBUG -> summary="PRAGMA journal_mode = WAL; …" db.statement="\n\nPRAGMA journal_mode = WAL; PRAGMA foreign_keys = ON; \n" rows_affected=0 rows_returned=1 elapsed=82.89001ms elapsed_secs=0.08289001
[20-03-2025 17:02:40]-[sqlx::query:143]:⚙ DEBUG -> summary="BEGIN; CREATE TABLE IF …" db.statement="\n\nBEGIN;\n    CREATE TABLE IF NOT EXISTS users (\n    id TEXT NOT NULL,\n    username TEXT NOT NULL,\n    password TEXT NOT NULL,\n    name TEXT NOT NULL,\n    surname_1 TEXT NOT NULL,\n    surname_2 TEXT NOT NULL,\n    is_active INTEGER NOT NULL DEFAULT 0,\n    avatar TEXT,\n    role TEXT NOT NULL,\n    audiences BLOB,\n    information BLOB,\n    PRIMARY KEY(id)\n    );\n    CREATE INDEX IF NOT EXISTS 'users_idx' ON users (id, username, is_active, name, role);\n    COMMIT;\n" rows_affected=0 rows_returned=0 elapsed=131.124µs elapsed_secs=0.000131124
[20-03-2025 17:02:40]-[sqlx::query:143]:⚙ DEBUG -> summary="PRAGMA journal_mode = WAL; …" db.statement="\n\nPRAGMA journal_mode = WAL; PRAGMA foreign_keys = ON; \n" rows_affected=0 rows_returned=1 elapsed=60.20639ms elapsed_secs=0.06020639
[20-03-2025 17:02:40]-[sqlx::query:143]:⚙ DEBUG -> summary="BEGIN; CREATE TABLE IF …" db.statement="\n\nBEGIN;\n    CREATE TABLE IF NOT EXISTS sessions (\n    id TEXT NOT NULL,\n    session_id TEXT NOT NULL,\n    logged_in TEXT NOT NULL,\n    audience TEXT NOT NULL DEFAULT('[]'),\n    role TEXT NOT NULL,\n    key_expiration_time TEXT NOT NULL,\n    ip_addr TEXT NOT NULL,\n    fingerprint TEXT,\n    PRIMARY KEY(id, session_id)\n    );\n    CREATE INDEX IF NOT EXISTS 'session_idx' ON sessions (id, session_id, role);\n    COMMIT;\n" rows_affected=0 rows_returned=0 elapsed=126.613µs elapsed_secs=0.000126613
[20-03-2025 17:02:40]-[planner::configuration:35]:❌ Ошибка -> Ошибка десериализации настроек, No such file or directory (os error 2), будут установлены настройки по умолчанию
[20-03-2025 17:02:40]-[planner::api::test_api:17]:⚙ DEBUG -> Апи сервера доступно на 0.0.0.0:8888
[20-03-2025 17:02:57]-[tower_http::trace::make_span:109]:⚙ DEBUG -> request; method=POST uri=/auth/login version=HTTP/1.1 headers={"user-agent": "vscode-restclient", "content-type": "application/json", "accept-encoding": "gzip, deflate", "content-length": "62", "cookie": "refresh-key=829bb42e-5dc9-7554-80a2-baf2cfdb7445; session-key=0195ae7a-3cda-7b11-aa6b-46992a3e209f", "host": "localhost:8888", "connection": "close"}
[20-03-2025 17:02:57]-[tower_http::trace::on_request:80]:⚙ DEBUG -> started processing request
[20-03-2025 17:02:57]-[tower_http::trace::on_response:114]:⚙ DEBUG -> finished processing request latency=2 ms status=422
[20-03-2025 17:03:22]-[tower_http::trace::make_span:109]:⚙ DEBUG -> request; method=POST uri=/auth/login version=HTTP/1.1 headers={"user-agent": "vscode-restclient", "content-type": "application/json", "accept-encoding": "gzip, deflate", "content-length": "91", "cookie": "refresh-key=829bb42e-5dc9-7554-80a2-baf2cfdb7445; session-key=0195ae7a-3cda-7b11-aa6b-46992a3e209f", "host": "localhost:8888", "connection": "close"}
[20-03-2025 17:03:22]-[tower_http::trace::on_request:80]:⚙ DEBUG -> started processing request
[20-03-2025 17:03:22]-[sqlx::query:143]:⚙ DEBUG -> summary="SELECT id, username, password, …" db.statement="\n\nSELECT id, username, password, name, surname_1, surname_2, is_active, avatar, role, json(audiences) as audiences, json(information) as information FROM users WHERE username = $1\n" rows_affected=0 rows_returned=1 elapsed=269.061µs elapsed_secs=0.000269061
[20-03-2025 17:03:22]-[sqlx::query:143]:⚙ DEBUG -> summary="SELECT id,session_id,logged_in,audience,role,key_expiration_time,ip_addr,fingerprint FROM sessions …" db.statement="\n\nSELECT id,session_id,logged_in,audience,role,key_expiration_time,ip_addr,fingerprint FROM sessions WHERE id = $1 ORDER BY logged_in\n" rows_affected=0 rows_returned=1 elapsed=301.489µs elapsed_secs=0.000301489
[20-03-2025 17:03:22]-[sqlx::query:143]:⚙ DEBUG -> summary="PRAGMA journal_mode = WAL; …" db.statement="\n\nPRAGMA journal_mode = WAL; PRAGMA foreign_keys = ON; \n" rows_affected=0 rows_returned=1 elapsed=319.079µs elapsed_secs=0.000319079
[20-03-2025 17:03:22]-[sqlx::query:143]:⚙ DEBUG -> summary="INSERT OR REPLACE INTO …" db.statement="\n\nINSERT OR REPLACE INTO sessions (id,session_id,logged_in,audience,role,key_expiration_time,ip_addr,fingerprint) VALUES ($1, $2, $3, $4, $5, $6, $7, $8)\n" rows_affected=1 rows_returned=0 elapsed=63.977571ms elapsed_secs=0.063977571
[20-03-2025 17:03:22]-[tower_http::trace::on_response:114]:⚙ DEBUG -> finished processing request latency=71 ms status=200
[20-03-2025 17:03:46]-[tower_http::trace::make_span:109]:⚙ DEBUG -> request; method=POST uri=/auth/update_key version=HTTP/1.1 headers={"user-agent": "vscode-restclient", "cookie": "refresh-key=829bb42e-5dc9-7554-80a2-baf2cfdb7445; session-key=0195b3dd-a5a4-7651-a098-f376648df2da; session-key=0195aec0-1f11-7692-b390-36010f5ace45", "accept-encoding": "gzip, deflate", "host": "localhost:8888", "connection": "close", "content-length": "0"}
[20-03-2025 17:03:46]-[tower_http::trace::on_request:80]:⚙ DEBUG -> started processing request
[20-03-2025 17:03:46]-[sqlx::query:143]:⚙ DEBUG -> summary="SELECT id,session_id,logged_in,audience,role,key_expiration_time,ip_addr,fingerprint FROM sessions …" db.statement="\n\nSELECT id,session_id,logged_in,audience,role,key_expiration_time,ip_addr,fingerprint FROM sessions WHERE session_id = $1\n" rows_affected=0 rows_returned=1 elapsed=247.303µs elapsed_secs=0.000247303
[20-03-2025 17:03:46]-[planner::api::test_api:177]:💬 Информация -> Обновлен access key `eyJ0eXAiOiJKV1QiLCJhbGciOiJFZERTQSJ9.eyJzdWIiOiIwMTk1YWU3YS0zY2RhLTdiMTEtYWE2Yi00Njk5MmEzZTIwOWYiLCJleHAiOjE3NDI0Nzk3MjYsImlhdCI6MTc0MjQ3OTQyNiwicm9sZSI6IkFkbWluaXN0cmF0b3IiLCJhdWQiOm51bGx9.2bFt-XfPvqWgTxKmR__zz5ftTikebAkoXHUN2-701xnml2TGkrCgiMpdUGVesm4Tm37YGNCMs1sSjvi6yrZ9Bw` для сессии 0195ae7a-3cda-7b11-aa6b-46992a3e209f
[20-03-2025 17:03:46]-[tower_http::trace::on_response:114]:⚙ DEBUG -> finished processing request latency=2 ms status=200
[20-03-2025 17:04:16]-[tower_http::trace::make_span:109]:⚙ DEBUG -> request; method=POST uri=/auth/login version=HTTP/1.1 headers={"user-agent": "vscode-restclient", "content-type": "application/json", "accept-encoding": "gzip, deflate", "content-length": "91", "cookie": "refresh-key=829bb42e-5dc9-7554-80a2-baf2cfdb7445; session-key=0195ae7a-3cda-7b11-aa6b-46992a3e209f", "host": "localhost:8888", "connection": "close"}
[20-03-2025 17:04:16]-[tower_http::trace::on_request:80]:⚙ DEBUG -> started processing request
[20-03-2025 17:04:16]-[sqlx::query:143]:⚙ DEBUG -> summary="SELECT id, username, password, …" db.statement="\n\nSELECT id, username, password, name, surname_1, surname_2, is_active, avatar, role, json(audiences) as audiences, json(information) as information FROM users WHERE username = $1\n" rows_affected=0 rows_returned=1 elapsed=94.002µs elapsed_secs=9.4002e-5
[20-03-2025 17:04:16]-[sqlx::query:143]:⚙ DEBUG -> summary="SELECT id,session_id,logged_in,audience,role,key_expiration_time,ip_addr,fingerprint FROM sessions …" db.statement="\n\nSELECT id,session_id,logged_in,audience,role,key_expiration_time,ip_addr,fingerprint FROM sessions WHERE id = $1 ORDER BY logged_in\n" rows_affected=1 rows_returned=2 elapsed=282.134µs elapsed_secs=0.000282134
[20-03-2025 17:04:16]-[sqlx::query:143]:⚙ DEBUG -> summary="INSERT OR REPLACE INTO …" db.statement="\n\nINSERT OR REPLACE INTO sessions (id,session_id,logged_in,audience,role,key_expiration_time,ip_addr,fingerprint) VALUES ($1, $2, $3, $4, $5, $6, $7, $8)\n" rows_affected=1 rows_returned=0 elapsed=51.683918ms elapsed_secs=0.051683918
[20-03-2025 17:04:16]-[tower_http::trace::on_response:114]:⚙ DEBUG -> finished processing request latency=57 ms status=200
[20-03-2025 17:30:49]-[sqlx::query:143]:⚙ DEBUG -> summary="PRAGMA journal_mode = WAL; …" db.statement="\n\nPRAGMA journal_mode = WAL; PRAGMA foreign_keys = ON; \n" rows_affected=0 rows_returned=1 elapsed=587.562µs elapsed_secs=0.000587562
[20-03-2025 17:30:49]-[sqlx::query:143]:⚙ DEBUG -> summary="BEGIN; CREATE TABLE IF …" db.statement="\n\nBEGIN;\n    CREATE TABLE IF NOT EXISTS users (\n    id TEXT NOT NULL,\n    username TEXT NOT NULL,\n    password TEXT NOT NULL,\n    name TEXT NOT NULL,\n    surname_1 TEXT NOT NULL,\n    surname_2 TEXT NOT NULL,\n    is_active INTEGER NOT NULL DEFAULT 0,\n    avatar TEXT,\n    role TEXT NOT NULL,\n    audiences BLOB,\n    information BLOB,\n    PRIMARY KEY(id)\n    );\n    CREATE INDEX IF NOT EXISTS 'users_idx' ON users (id, username, is_active, name, role);\n    COMMIT;\n" rows_affected=0 rows_returned=0 elapsed=160.41µs elapsed_secs=0.00016041
[20-03-2025 17:30:49]-[sqlx::query:143]:⚙ DEBUG -> summary="PRAGMA journal_mode = WAL; …" db.statement="\n\nPRAGMA journal_mode = WAL; PRAGMA foreign_keys = ON; \n" rows_affected=0 rows_returned=1 elapsed=659.387µs elapsed_secs=0.000659387
[20-03-2025 17:30:49]-[sqlx::query:143]:⚙ DEBUG -> summary="BEGIN; CREATE TABLE IF …" db.statement="\n\nBEGIN;\n    CREATE TABLE IF NOT EXISTS sessions (\n    id TEXT NOT NULL,\n    session_id TEXT NOT NULL,\n    logged_in TEXT NOT NULL,\n    audience TEXT NOT NULL DEFAULT('[]'),\n    role TEXT NOT NULL,\n    key_expiration_time TEXT NOT NULL,\n    ip_addr TEXT NOT NULL,\n    fingerprint TEXT,\n    PRIMARY KEY(id, session_id)\n    );\n    CREATE INDEX IF NOT EXISTS 'session_idx' ON sessions (id, session_id, role);\n    COMMIT;\n" rows_affected=0 rows_returned=0 elapsed=95.102µs elapsed_secs=9.5102e-5
[20-03-2025 17:30:49]-[planner::configuration:35]:❌ Ошибка -> Ошибка десериализации настроек, No such file or directory (os error 2), будут установлены настройки по умолчанию
[20-03-2025 17:30:49]-[planner::api::test_api:17]:⚙ DEBUG -> Апи сервера доступно на 0.0.0.0:8888
[20-03-2025 17:30:57]-[tower_http::trace::make_span:109]:⚙ DEBUG -> request; method=POST uri=/auth/login version=HTTP/1.1 headers={"user-agent": "vscode-restclient", "content-type": "application/json", "accept-encoding": "gzip, deflate", "content-length": "91", "cookie": "refresh-key=829bb42e-5dc9-7554-80a2-baf2cfdb7445; session-key=0195b3dd-a5a4-7651-a098-f376648df2da", "host": "localhost:8888", "connection": "close"}
[20-03-2025 17:30:57]-[tower_http::trace::on_request:80]:⚙ DEBUG -> started processing request
[20-03-2025 17:30:57]-[tower_http::trace::on_response:114]:⚙ DEBUG -> finished processing request latency=0 ms status=500
[20-03-2025 17:30:57]-[tower_http::trace::on_failure:93]:❌ Ошибка -> response failed classification=Status code: 500 Internal Server Error latency=0 ms
[20-03-2025 17:31:25]-[tower_http::trace::make_span:109]:⚙ DEBUG -> request; method=POST uri=/auth/login version=HTTP/1.1 headers={"user-agent": "vscode-restclient", "content-type": "application/json", "accept-encoding": "gzip, deflate", "content-length": "91", "cookie": "refresh-key=829bb42e-5dc9-7554-80a2-baf2cfdb7445; session-key=0195b3dd-a5a4-7651-a098-f376648df2da", "host": "localhost:8888", "connection": "close"}
[20-03-2025 17:31:25]-[tower_http::trace::on_request:80]:⚙ DEBUG -> started processing request
[20-03-2025 17:31:25]-[tower_http::trace::on_response:114]:⚙ DEBUG -> finished processing request latency=0 ms status=500
[20-03-2025 17:31:25]-[tower_http::trace::on_failure:93]:❌ Ошибка -> response failed classification=Status code: 500 Internal Server Error latency=0 ms
[20-03-2025 17:31:46]-[tower_http::trace::make_span:109]:⚙ DEBUG -> request; method=POST uri=/auth/login version=HTTP/1.1 headers={"user-agent": "vscode-restclient", "content-type": "application/json", "accept-encoding": "gzip, deflate", "content-length": "91", "cookie": "refresh-key=829bb42e-5dc9-7554-80a2-baf2cfdb7445; session-key=0195b3dd-a5a4-7651-a098-f376648df2da", "host": "localhost:8888", "connection": "close"}
[20-03-2025 17:31:46]-[tower_http::trace::on_request:80]:⚙ DEBUG -> started processing request
[20-03-2025 17:31:46]-[tower_http::trace::on_response:114]:⚙ DEBUG -> finished processing request latency=0 ms status=500
[20-03-2025 17:31:46]-[tower_http::trace::on_failure:93]:❌ Ошибка -> response failed classification=Status code: 500 Internal Server Error latency=0 ms
[20-03-2025 17:34:57]-[sqlx::query:143]:⚙ DEBUG -> summary="PRAGMA journal_mode = WAL; …" db.statement="\n\nPRAGMA journal_mode = WAL; PRAGMA foreign_keys = ON; \n" rows_affected=0 rows_returned=1 elapsed=450.087µs elapsed_secs=0.000450087
[20-03-2025 17:34:57]-[sqlx::query:143]:⚙ DEBUG -> summary="BEGIN; CREATE TABLE IF …" db.statement="\n\nBEGIN;\n    CREATE TABLE IF NOT EXISTS users (\n    id TEXT NOT NULL,\n    username TEXT NOT NULL,\n    password TEXT NOT NULL,\n    name TEXT NOT NULL,\n    surname_1 TEXT NOT NULL,\n    surname_2 TEXT NOT NULL,\n    is_active INTEGER NOT NULL DEFAULT 0,\n    avatar TEXT,\n    role TEXT NOT NULL,\n    audiences BLOB,\n    information BLOB,\n    PRIMARY KEY(id)\n    );\n    CREATE INDEX IF NOT EXISTS 'users_idx' ON users (id, username, is_active, name, role);\n    COMMIT;\n" rows_affected=0 rows_returned=0 elapsed=258.299µs elapsed_secs=0.000258299
[20-03-2025 17:34:57]-[sqlx::query:143]:⚙ DEBUG -> summary="PRAGMA journal_mode = WAL; …" db.statement="\n\nPRAGMA journal_mode = WAL; PRAGMA foreign_keys = ON; \n" rows_affected=0 rows_returned=1 elapsed=383.691µs elapsed_secs=0.000383691
[20-03-2025 17:34:57]-[sqlx::query:143]:⚙ DEBUG -> summary="BEGIN; CREATE TABLE IF …" db.statement="\n\nBEGIN;\n    CREATE TABLE IF NOT EXISTS sessions (\n    id TEXT NOT NULL,\n    session_id TEXT NOT NULL,\n    logged_in TEXT NOT NULL,\n    audience TEXT NOT NULL DEFAULT('[]'),\n    role TEXT NOT NULL,\n    key_expiration_time TEXT NOT NULL,\n    ip_addr TEXT NOT NULL,\n    fingerprint TEXT,\n    PRIMARY KEY(id, session_id)\n    );\n    CREATE INDEX IF NOT EXISTS 'session_idx' ON sessions (id, session_id, role);\n    COMMIT;\n" rows_affected=0 rows_returned=0 elapsed=245.909µs elapsed_secs=0.000245909
[20-03-2025 17:34:57]-[planner::configuration:35]:❌ Ошибка -> Ошибка десериализации настроек, No such file or directory (os error 2), будут установлены настройки по умолчанию
[20-03-2025 17:34:57]-[planner::api::test_api:17]:⚙ DEBUG -> Апи сервера доступно на 0.0.0.0:8888
[20-03-2025 17:35:00]-[tower_http::trace::make_span:109]:⚙ DEBUG -> request; method=POST uri=/auth/login version=HTTP/1.1 headers={"user-agent": "vscode-restclient", "content-type": "application/json", "accept-encoding": "gzip, deflate", "content-length": "91", "cookie": "refresh-key=829bb42e-5dc9-7554-80a2-baf2cfdb7445; session-key=0195b3dd-a5a4-7651-a098-f376648df2da", "host": "localhost:8888", "connection": "close"}
[20-03-2025 17:35:00]-[tower_http::trace::on_request:80]:⚙ DEBUG -> started processing request
[20-03-2025 17:35:00]-[sqlx::query:143]:⚙ DEBUG -> summary="SELECT id, username, password, …" db.statement="\n\nSELECT id, username, password, name, surname_1, surname_2, is_active, avatar, role, json(audiences) as audiences, json(information) as information FROM users WHERE username = $1\n" rows_affected=0 rows_returned=1 elapsed=257.151µs elapsed_secs=0.000257151
[20-03-2025 17:35:00]-[sqlx::query:143]:⚙ DEBUG -> summary="SELECT id,session_id,logged_in,audience,role,key_expiration_time,ip_addr,fingerprint FROM sessions …" db.statement="\n\nSELECT id,session_id,logged_in,audience,role,key_expiration_time,ip_addr,fingerprint FROM sessions WHERE id = $1 ORDER BY logged_in\n" rows_affected=0 rows_returned=2 elapsed=245.875µs elapsed_secs=0.000245875
[20-03-2025 17:35:00]-[sqlx::query:143]:⚙ DEBUG -> summary="PRAGMA journal_mode = WAL; …" db.statement="\n\nPRAGMA journal_mode = WAL; PRAGMA foreign_keys = ON; \n" rows_affected=0 rows_returned=1 elapsed=465.343µs elapsed_secs=0.000465343
[20-03-2025 17:35:00]-[sqlx::query:143]:⚙ DEBUG -> summary="INSERT OR REPLACE INTO …" db.statement="\n\nINSERT OR REPLACE INTO sessions (id,session_id,logged_in,audience,role,key_expiration_time,ip_addr,fingerprint) VALUES ($1, $2, $3, $4, $5, $6, $7, $8)\n" rows_affected=1 rows_returned=0 elapsed=90.990121ms elapsed_secs=0.090990121
[20-03-2025 17:35:00]-[planner::api::test_api:78]:⚙ DEBUG -> Юзер TestUser3 прошел авторизацию
[20-03-2025 17:35:00]-[tower_http::trace::on_response:114]:⚙ DEBUG -> finished processing request latency=97 ms status=200
[20-03-2025 17:36:02]-[tower_http::trace::make_span:109]:⚙ DEBUG -> request; method=POST uri=/auth/update_key version=HTTP/1.1 headers={"user-agent": "vscode-restclient", "cookie": "refresh-key=829bb42e-5dc9-7554-80a2-baf2cfdb7445; session-key=0195b3dd-a5a4-7651-a098-f376648df2da; session-key=+UlW99wNnmtND2MSfB2XLjW209pA42km0+rKJ2QO3oWC/CH5JwKQWaEpmmPfEUP/kidBHiDRxU8UqozkMuvLkg==; session-key=+UlW99wNnmtND2MSfB2XLjW209pA42km0+rKJ2QO3oWC/CH5JwKQWaEpmmPfEUP/kidBHiDRxU8UqozkMuvLkg==; HttpOnly; Path=/; Max-Age=432000", "accept-encoding": "gzip, deflate", "host": "localhost:8888", "connection": "close", "content-length": "0"}
[20-03-2025 17:36:02]-[tower_http::trace::on_request:80]:⚙ DEBUG -> started processing request
[20-03-2025 17:36:02]-[tower_http::trace::on_response:114]:⚙ DEBUG -> finished processing request latency=0 ms status=500
[20-03-2025 17:36:02]-[tower_http::trace::on_failure:93]:❌ Ошибка -> response failed classification=Status code: 500 Internal Server Error latency=0 ms
[20-03-2025 17:40:39]-[sqlx::query:143]:⚙ DEBUG -> summary="PRAGMA journal_mode = WAL; …" db.statement="\n\nPRAGMA journal_mode = WAL; PRAGMA foreign_keys = ON; \n" rows_affected=0 rows_returned=1 elapsed=760.112µs elapsed_secs=0.000760112
[20-03-2025 17:40:39]-[sqlx::query:143]:⚙ DEBUG -> summary="BEGIN; CREATE TABLE IF …" db.statement="\n\nBEGIN;\n    CREATE TABLE IF NOT EXISTS users (\n    id TEXT NOT NULL,\n    username TEXT NOT NULL,\n    password TEXT NOT NULL,\n    name TEXT NOT NULL,\n    surname_1 TEXT NOT NULL,\n    surname_2 TEXT NOT NULL,\n    is_active INTEGER NOT NULL DEFAULT 0,\n    avatar TEXT,\n    role TEXT NOT NULL,\n    audiences BLOB,\n    information BLOB,\n    PRIMARY KEY(id)\n    );\n    CREATE INDEX IF NOT EXISTS 'users_idx' ON users (id, username, is_active, name, role);\n    COMMIT;\n" rows_affected=0 rows_returned=0 elapsed=280.368µs elapsed_secs=0.000280368
[20-03-2025 17:40:39]-[sqlx::query:143]:⚙ DEBUG -> summary="PRAGMA journal_mode = WAL; …" db.statement="\n\nPRAGMA journal_mode = WAL; PRAGMA foreign_keys = ON; \n" rows_affected=0 rows_returned=1 elapsed=1.031173ms elapsed_secs=0.001031173
[20-03-2025 17:40:39]-[sqlx::query:143]:⚙ DEBUG -> summary="BEGIN; CREATE TABLE IF …" db.statement="\n\nBEGIN;\n    CREATE TABLE IF NOT EXISTS sessions (\n    id TEXT NOT NULL,\n    session_id TEXT NOT NULL,\n    logged_in TEXT NOT NULL,\n    audience TEXT NOT NULL DEFAULT('[]'),\n    role TEXT NOT NULL,\n    key_expiration_time TEXT NOT NULL,\n    ip_addr TEXT NOT NULL,\n    fingerprint TEXT,\n    PRIMARY KEY(id, session_id)\n    );\n    CREATE INDEX IF NOT EXISTS 'session_idx' ON sessions (id, session_id, role);\n    COMMIT;\n" rows_affected=0 rows_returned=0 elapsed=240.331µs elapsed_secs=0.000240331
[20-03-2025 17:40:39]-[planner::configuration:35]:❌ Ошибка -> Ошибка десериализации настроек, No such file or directory (os error 2), будут установлены настройки по умолчанию
[20-03-2025 17:40:39]-[planner::api::test_api:17]:⚙ DEBUG -> Апи сервера доступно на 0.0.0.0:8888
[20-03-2025 17:40:47]-[tower_http::trace::make_span:109]:⚙ DEBUG -> request; method=POST uri=/auth/update_key version=HTTP/1.1 headers={"user-agent": "vscode-restclient", "cookie": "refresh-key=829bb42e-5dc9-7554-80a2-baf2cfdb7445; session-key=0195b3dd-a5a4-7651-a098-f376648df2da; session-key=+UlW99wNnmtND2MSfB2XLjW209pA42km0+rKJ2QO3oWC/CH5JwKQWaEpmmPfEUP/kidBHiDRxU8UqozkMuvLkg==; session-key=+UlW99wNnmtND2MSfB2XLjW209pA42km0+rKJ2QO3oWC/CH5JwKQWaEpmmPfEUP/kidBHiDRxU8UqozkMuvLkg==; HttpOnly; Path=/; Max-Age=432000", "accept-encoding": "gzip, deflate", "host": "localhost:8888", "connection": "close", "content-length": "0"}
[20-03-2025 17:40:47]-[tower_http::trace::on_request:80]:⚙ DEBUG -> started processing request
[20-03-2025 17:41:03]-[tower_http::trace::make_span:109]:⚙ DEBUG -> request; method=POST uri=/auth/update_key version=HTTP/1.1 headers={"user-agent": "vscode-restclient", "cookie": "refresh-key=829bb42e-5dc9-7554-80a2-baf2cfdb7445; session-key=0195b3dd-a5a4-7651-a098-f376648df2da; session-key=+UlW99wNnmtND2MSfB2XLjW209pA42km0+rKJ2QO3oWC/CH5JwKQWaEpmmPfEUP/kidBHiDRxU8UqozkMuvLkg==; session-key=+UlW99wNnmtND2MSfB2XLjW209pA42km0+rKJ2QO3oWC/CH5JwKQWaEpmmPfEUP/kidBHiDRxU8UqozkMuvLkg==; HttpOnly; Path=/; Max-Age=432000", "accept-encoding": "gzip, deflate", "host": "localhost:8888", "connection": "close", "content-length": "0"}
[20-03-2025 17:41:03]-[tower_http::trace::on_request:80]:⚙ DEBUG -> started processing request
[20-03-2025 17:41:23]-[tower_http::trace::make_span:109]:⚙ DEBUG -> request; method=POST uri=/auth/login version=HTTP/1.1 headers={"user-agent": "vscode-restclient", "content-type": "application/json", "accept-encoding": "gzip, deflate", "content-length": "91", "cookie": "refresh-key=829bb42e-5dc9-7554-80a2-baf2cfdb7445; session-key=0195b3dd-a5a4-7651-a098-f376648df2da; session-key=+UlW99wNnmtND2MSfB2XLjW209pA42km0+rKJ2QO3oWC/CH5JwKQWaEpmmPfEUP/kidBHiDRxU8UqozkMuvLkg==", "host": "localhost:8888", "connection": "close"}
[20-03-2025 17:41:23]-[tower_http::trace::on_request:80]:⚙ DEBUG -> started processing request
[20-03-2025 17:41:23]-[sqlx::query:143]:⚙ DEBUG -> summary="SELECT id, username, password, …" db.statement="\n\nSELECT id, username, password, name, surname_1, surname_2, is_active, avatar, role, json(audiences) as audiences, json(information) as information FROM users WHERE username = $1\n" rows_affected=0 rows_returned=1 elapsed=254.206µs elapsed_secs=0.000254206
[20-03-2025 17:41:23]-[sqlx::query:143]:⚙ DEBUG -> summary="SELECT id,session_id,logged_in,audience,role,key_expiration_time,ip_addr,fingerprint FROM sessions …" db.statement="\n\nSELECT id,session_id,logged_in,audience,role,key_expiration_time,ip_addr,fingerprint FROM sessions WHERE id = $1 ORDER BY logged_in\n" rows_affected=0 rows_returned=2 elapsed=202.949µs elapsed_secs=0.000202949
[20-03-2025 17:41:23]-[sqlx::query:143]:⚙ DEBUG -> summary="PRAGMA journal_mode = WAL; …" db.statement="\n\nPRAGMA journal_mode = WAL; PRAGMA foreign_keys = ON; \n" rows_affected=0 rows_returned=1 elapsed=227.09µs elapsed_secs=0.00022709
[20-03-2025 17:41:23]-[sqlx::query:143]:⚙ DEBUG -> summary="INSERT OR REPLACE INTO …" db.statement="\n\nINSERT OR REPLACE INTO sessions (id,session_id,logged_in,audience,role,key_expiration_time,ip_addr,fingerprint) VALUES ($1, $2, $3, $4, $5, $6, $7, $8)\n" rows_affected=1 rows_returned=0 elapsed=54.109975ms elapsed_secs=0.054109975
[20-03-2025 17:41:23]-[planner::api::test_api:79]:⚙ DEBUG -> Юзер TestUser3 прошел авторизацию
[20-03-2025 17:41:23]-[tower_http::trace::on_response:114]:⚙ DEBUG -> finished processing request latency=61 ms status=200
[20-03-2025 17:41:29]-[tower_http::trace::make_span:109]:⚙ DEBUG -> request; method=POST uri=/auth/update_key version=HTTP/1.1 headers={"user-agent": "vscode-restclient", "cookie": "refresh-key=829bb42e-5dc9-7554-80a2-baf2cfdb7445; session-key=0195b3dd-a5a4-7651-a098-f376648df2da; session-key=X50azcO/0uYysDWyoVkr8FnWba9j92MgCGvaDsO6VC0M2cGio/cvsaAxTchIlpqznDCcsyJ7joJBTRofQizAtA==; session-key=+UlW99wNnmtND2MSfB2XLjW209pA42km0+rKJ2QO3oWC/CH5JwKQWaEpmmPfEUP/kidBHiDRxU8UqozkMuvLkg==; HttpOnly; Path=/; Max-Age=432000", "accept-encoding": "gzip, deflate", "host": "localhost:8888", "connection": "close", "content-length": "0"}
[20-03-2025 17:41:29]-[tower_http::trace::on_request:80]:⚙ DEBUG -> started processing request
[20-03-2025 17:42:03]-[tower_http::trace::make_span:109]:⚙ DEBUG -> request; method=POST uri=/auth/update_key version=HTTP/1.1 headers={"user-agent": "vscode-restclient", "accept-encoding": "gzip, deflate", "cookie": "refresh-key=829bb42e-5dc9-7554-80a2-baf2cfdb7445; session-key=0195b3dd-a5a4-7651-a098-f376648df2da; session-key=X50azcO/0uYysDWyoVkr8FnWba9j92MgCGvaDsO6VC0M2cGio/cvsaAxTchIlpqznDCcsyJ7joJBTRofQizAtA==", "host": "localhost:8888", "connection": "close", "content-length": "0"}
[20-03-2025 17:42:03]-[tower_http::trace::on_request:80]:⚙ DEBUG -> started processing request
[20-03-2025 17:42:48]-[tower_http::trace::make_span:109]:⚙ DEBUG -> request; method=POST uri=/auth/update_key version=HTTP/1.1 headers={"user-agent": "vscode-restclient", "accept-encoding": "gzip, deflate", "cookie": "refresh-key=829bb42e-5dc9-7554-80a2-baf2cfdb7445; session-key=0195b3dd-a5a4-7651-a098-f376648df2da; session-key=X50azcO/0uYysDWyoVkr8FnWba9j92MgCGvaDsO6VC0M2cGio/cvsaAxTchIlpqznDCcsyJ7joJBTRofQizAtA==", "host": "localhost:8888", "connection": "close", "content-length": "0"}
[20-03-2025 17:42:48]-[tower_http::trace::on_request:80]:⚙ DEBUG -> started processing request
[20-03-2025 17:48:27]-[sqlx::query:143]:⚙ DEBUG -> summary="PRAGMA journal_mode = WAL; …" db.statement="\n\nPRAGMA journal_mode = WAL; PRAGMA foreign_keys = ON; \n" rows_affected=0 rows_returned=1 elapsed=515.781µs elapsed_secs=0.000515781
[20-03-2025 17:48:27]-[sqlx::query:143]:⚙ DEBUG -> summary="BEGIN; CREATE TABLE IF …" db.statement="\n\nBEGIN;\n    CREATE TABLE IF NOT EXISTS users (\n    id TEXT NOT NULL,\n    username TEXT NOT NULL,\n    password TEXT NOT NULL,\n    name TEXT NOT NULL,\n    surname_1 TEXT NOT NULL,\n    surname_2 TEXT NOT NULL,\n    is_active INTEGER NOT NULL DEFAULT 0,\n    avatar TEXT,\n    role TEXT NOT NULL,\n    audiences BLOB,\n    information BLOB,\n    PRIMARY KEY(id)\n    );\n    CREATE INDEX IF NOT EXISTS 'users_idx' ON users (id, username, is_active, name, role);\n    COMMIT;\n" rows_affected=0 rows_returned=0 elapsed=149.637µs elapsed_secs=0.000149637
[20-03-2025 17:48:27]-[sqlx::query:143]:⚙ DEBUG -> summary="PRAGMA journal_mode = WAL; …" db.statement="\n\nPRAGMA journal_mode = WAL; PRAGMA foreign_keys = ON; \n" rows_affected=0 rows_returned=1 elapsed=536.328µs elapsed_secs=0.000536328
[20-03-2025 17:48:27]-[sqlx::query:143]:⚙ DEBUG -> summary="BEGIN; CREATE TABLE IF …" db.statement="\n\nBEGIN;\n    CREATE TABLE IF NOT EXISTS sessions (\n    id TEXT NOT NULL,\n    session_id TEXT NOT NULL,\n    logged_in TEXT NOT NULL,\n    audience TEXT NOT NULL DEFAULT('[]'),\n    role TEXT NOT NULL,\n    key_expiration_time TEXT NOT NULL,\n    ip_addr TEXT NOT NULL,\n    fingerprint TEXT,\n    PRIMARY KEY(id, session_id)\n    );\n    CREATE INDEX IF NOT EXISTS 'session_idx' ON sessions (id, session_id, role);\n    COMMIT;\n" rows_affected=0 rows_returned=0 elapsed=225.296µs elapsed_secs=0.000225296
[20-03-2025 17:48:27]-[planner::configuration:35]:❌ Ошибка -> Ошибка десериализации настроек, No such file or directory (os error 2), будут установлены настройки по умолчанию
[20-03-2025 17:48:27]-[planner::api::test_api:17]:⚙ DEBUG -> Апи сервера доступно на 0.0.0.0:8888
[20-03-2025 17:48:30]-[tower_http::trace::make_span:109]:⚙ DEBUG -> request; method=POST uri=/auth/update_key version=HTTP/1.1 headers={"user-agent": "vscode-restclient", "accept-encoding": "gzip, deflate", "cookie": "refresh-key=829bb42e-5dc9-7554-80a2-baf2cfdb7445; session-key=0195b3dd-a5a4-7651-a098-f376648df2da; session-key=X50azcO/0uYysDWyoVkr8FnWba9j92MgCGvaDsO6VC0M2cGio/cvsaAxTchIlpqznDCcsyJ7joJBTRofQizAtA==", "host": "localhost:8888", "connection": "close", "content-length": "0"}
[20-03-2025 17:48:30]-[tower_http::trace::on_request:80]:⚙ DEBUG -> started processing request
[20-03-2025 17:48:30]-[planner::middleware::cookie_middleware:65]:⚙ DEBUG -> Найдены куки: CookieJar { original_cookies: {}, delta_cookies: {DeltaCookie { cookie: Cookie { cookie_string: Some("session-key=X50azcO/0uYysDWyoVkr8FnWba9j92MgCGvaDsO6VC0M2cGio/cvsaAxTchIlpqznDCcsyJ7joJBTRofQizAtA=="), name: Indexed(0, 11), value: Indexed(12, 100), expires: None, max_age: None, domain: None, path: None, secure: None, http_only: None, same_site: None, partitioned: None }, removed: false }, DeltaCookie { cookie: Cookie { cookie_string: Some("refresh-key=829bb42e-5dc9-7554-80a2-baf2cfdb7445"), name: Indexed(0, 11), value: Indexed(12, 48), expires: None, max_age: None, domain: None, path: None, secure: None, http_only: None, same_site: None, partitioned: None }, removed: false }} }
